GAME_COMPLETED
date=2026-04-30 10:25:08
gameId=G650A3BCCFF1FE-7EABE6234ADD81E-1
winner=1
winnerScore=916200
winnerCash=416200
winnerNetWorth=916200
rounds=23
players=1:916200,2:515300
playerDetails=1 Human net $916200 cash $416200 loans $0 turns 12 job Mechanic | 2 Human net $515300 cash $135300 loans $120000 turns 11 job Engineer
detail=Winner: 1 with final net worth $916200
detail=Winning margin: $400900
detail=Game: G650A3BCCFF1FE-7EABE6234ADD81E-1 | Completed: 2026-04-30 10:25:08
detail=Mode: Life Mode
detail=Settings: Life Mode | Salaries $20000-$120000 | College $100000 | Start $10000 | Loans $50000/$60000
detail=Turns: 23
detail=
detail=FINAL RANKING
detail=#1 1 - $916200
detail=#2 2 - $515300
detail=
detail=PLAYER BREAKDOWNS
detail=#1 1 net $916200
detail=  Cash $416200 | Debt/loans -$0 (0 loans)
detail=  Job Mechanic | Salary $43000
detail=  House none | Value $0
detail=  Investment spinner 3 | Match payout $25000
detail=  Kids 2 bonus $100000 | Pets 1 bonus $100000
detail=  Action cards 0 bonus $0 | Retirement bonus $300000
detail=  Married yes | Retirement Millionaire Mansion (MM)
detail=  Other tracked: sabotage debt $0, shields 0, insurance 0, spin tokens 3
detail=#2 2 net $515300
detail=  Cash $135300 | Debt/loans -$120000 (2 loans)
detail=  Job Engineer | Salary $72000
detail=  House none | Value $0
detail=  Investment spinner 7 | Match payout $25000
detail=  Kids 0 bonus $0 | Pets 1 bonus $100000
detail=  Action cards 0 bonus $0 | Retirement bonus $400000
detail=  Married yes | Retirement Countryside Acres (CA)
detail=  Other tracked: sabotage debt $0, shields 0, insurance 0, spin tokens 1
mode=Life Mode
settings=Life Mode | Salaries $20000-$120000 | College $100000 | Start $10000 | Loans $50000/$60000
END
